DEBUG:root:Logger created
INFO:root:Globals declared
INFO:root:Generating Font From File FP: c:\Users\videe\Desktop\Not Desktop\Code\tsa\2024\Gregium\gregium\editor\SpaceMono-Regular.ttf
INFO:root:Font Created
INFO:root:KeyHandler Loaded
INFO:root:Gregium Fully Prepared
DEBUG:root:Logger created (Editor)
INFO:root:Editor Window Created
INFO:root:Init Ran: Surface Defined
INFO:root:Generating AlertBox
INFO:root:Generating Button
INFO:root:Generating AlertBox
INFO:root:Generating Button
INFO:root:Editor Starting
DEBUG:root:Logger created
INFO:root:Globals declared
INFO:root:Generating Font From File FP: c:\Users\videe\Desktop\Not Desktop\Code\tsa\2024\Gregium\gregium\editor\SpaceMono-Regular.ttf
INFO:root:Font Created
INFO:root:KeyHandler Loaded
INFO:root:Gregium Fully Prepared
DEBUG:root:Logger created (Editor)
INFO:root:Editor Window Created
INFO:root:Init Ran: Surface Defined
INFO:root:Generating AlertBox
INFO:root:Generating Button
INFO:root:Generating AlertBox
INFO:root:Generating Button
INFO:root:Editor Starting
DEBUG:root:Logger created
INFO:root:Globals declared
INFO:root:Generating Font From File FP: c:\Users\videe\Desktop\Not Desktop\Code\tsa\2024\Gregium\gregium\editor\SpaceMono-Regular.ttf
INFO:root:Font Created
INFO:root:KeyHandler Loaded
INFO:root:Gregium Fully Prepared
DEBUG:root:Logger created (Editor)
INFO:root:Editor Window Created
INFO:root:Init Ran: Surface Defined
INFO:root:Generating AlertBox
INFO:root:Generating Button
INFO:root:Generating AlertBox
INFO:root:Generating Button
INFO:root:Editor Starting
DEBUG:root:Logger created
INFO:root:Globals declared
INFO:root:Generating Font From File FP: c:\Users\videe\Desktop\Not Desktop\Code\tsa\2024\Gregium\gregium\editor\SpaceMono-Regular.ttf
INFO:root:Font Created
INFO:root:KeyHandler Loaded
INFO:root:Gregium Fully Prepared
DEBUG:root:Logger created (Editor)
INFO:root:Editor Window Created
INFO:root:Init Ran: Surface Defined
INFO:root:Generating AlertBox
INFO:root:Generating Button
INFO:root:Generating AlertBox
INFO:root:Generating Button
INFO:root:Editor Starting
DEBUG:root:Logger created
INFO:root:Globals declared
INFO:root:Generating Font From File FP: c:\Users\videe\Desktop\Not Desktop\Code\tsa\2024\Gregium\gregium\editor\SpaceMono-Regular.ttf
INFO:root:Font Created
INFO:root:KeyHandler Loaded
INFO:root:Gregium Fully Prepared
DEBUG:root:Logger created (Editor)
INFO:root:Editor Window Created
INFO:root:Init Ran: Surface Defined
INFO:root:Generating AlertBox
INFO:root:Generating Button
INFO:root:Generating AlertBox
INFO:root:Generating Button
INFO:root:Editor Starting
DEBUG:root:Logger created
INFO:root:Globals declared
INFO:root:Generating Font From File FP: c:\Users\videe\Desktop\Not Desktop\Code\tsa\2024\Gregium\gregium\editor\SpaceMono-Regular.ttf
INFO:root:Font Created
INFO:root:KeyHandler Loaded
INFO:root:Gregium Fully Prepared
DEBUG:root:Logger created (Editor)
INFO:root:Editor Window Created
INFO:root:Init Ran: Surface Defined
INFO:root:Generating AlertBox
INFO:root:Generating Button
INFO:root:Generating AlertBox
INFO:root:Generating Button
INFO:root:Editor Starting
DEBUG:root:Logger created
INFO:root:Globals declared
INFO:root:Generating Font From File FP: c:\Users\videe\Desktop\Not Desktop\Code\tsa\2024\Gregium\gregium\editor\SpaceMono-Regular.ttf
INFO:root:Font Created
INFO:root:KeyHandler Loaded
INFO:root:Gregium Fully Prepared
DEBUG:root:Logger created (Editor)
INFO:root:Editor Window Created
INFO:root:Init Ran: Surface Defined
INFO:root:Generating AlertBox
INFO:root:Generating Button
INFO:root:Generating AlertBox
INFO:root:Generating Button
INFO:root:Editor Starting
DEBUG:root:Logger created
INFO:root:Globals declared
INFO:root:Generating Font From File FP: c:\Users\videe\Desktop\Not Desktop\Code\tsa\2024\Gregium\gregium\editor\SpaceMono-Regular.ttf
INFO:root:Font Created
INFO:root:KeyHandler Loaded
INFO:root:Gregium Fully Prepared
DEBUG:root:Logger created (Editor)
INFO:root:Init Ran: Surface Defined
INFO:root:Generating Textbox
INFO:root:Generating Button
DEBUG:root:Logger created
INFO:root:Globals declared
INFO:root:Generating Font From File FP: c:\Users\videe\Desktop\Not Desktop\Code\tsa\2024\Gregium\gregium\editor\SpaceMono-Regular.ttf
INFO:root:Font Created
INFO:root:KeyHandler Loaded
INFO:root:Gregium Fully Prepared
DEBUG:root:Logger created (Editor)
INFO:root:Init Ran: Surface Defined
INFO:root:Generating Textbox
INFO:root:Generating Button
DEBUG:root:Logger created
INFO:root:Globals declared
INFO:root:Generating Font From File FP: c:\Users\videe\Desktop\Not Desktop\Code\tsa\2024\Gregium\gregium\editor\SpaceMono-Regular.ttf
INFO:root:Font Created
INFO:root:KeyHandler Loaded
INFO:root:Gregium Fully Prepared
DEBUG:root:Logger created (Editor)
INFO:root:Init Ran: Surface Defined
INFO:root:Generating Textbox
INFO:root:Generating Button
DEBUG:root:Logger created
INFO:root:Globals declared
INFO:root:Generating Font From File FP: c:\Users\videe\Desktop\Not Desktop\Code\tsa\2024\Gregium\gregium\editor\SpaceMono-Regular.ttf
INFO:root:Font Created
INFO:root:KeyHandler Loaded
INFO:root:Gregium Fully Prepared
DEBUG:root:Logger created (Editor)
INFO:root:Init Ran: Surface Defined
INFO:root:Generating Textbox
INFO:root:Generating Button
